<?xml version="1.0" encoding="UTF-8"?>
<!-- Generated by org.testng.reporters.JUnitReportReporter -->
<testsuite hostname="RPC163" name="com.objectfrontier.training.java.jdbc.test.AddressServiceTest" tests="14" failures="0" timestamp="20 Oct 2018 12:01:05 GMT" time="0.140" errors="0">
  <testcase name="testcreate_negative" time="0.003" classname="com.objectfrontier.training.java.jdbc.test.AddressServiceTest"/>
  <testcase name="testread_positive" time="0.004" classname="com.objectfrontier.training.java.jdbc.test.AddressServiceTest"/>
  <testcase name="testreadAll" time="0.005" classname="com.objectfrontier.training.java.jdbc.test.AddressServiceTest"/>
  <testcase name="testread_negative" time="0.004" classname="com.objectfrontier.training.java.jdbc.test.AddressServiceTest"/>
  <testcase name="testcreate_positive" time="0.021" classname="com.objectfrontier.training.java.jdbc.test.AddressServiceTest"/>
  <testcase name="testread_positive" time="0.004" classname="com.objectfrontier.training.java.jdbc.test.AddressServiceTest"/>
  <testcase name="testupdate_positive" time="0.021" classname="com.objectfrontier.training.java.jdbc.test.AddressServiceTest"/>
  <testcase name="testupdate_negative" time="0.003" classname="com.objectfrontier.training.java.jdbc.test.AddressServiceTest"/>
  <testcase name="testupdate_positive" time="0.014" classname="com.objectfrontier.training.java.jdbc.test.AddressServiceTest"/>
  <testcase name="testcreate_negative" time="0.013" classname="com.objectfrontier.training.java.jdbc.test.AddressServiceTest"/>
  <testcase name="testcreate_positive" time="0.035" classname="com.objectfrontier.training.java.jdbc.test.AddressServiceTest"/>
  <testcase name="testread_negative" time="0.004" classname="com.objectfrontier.training.java.jdbc.test.AddressServiceTest"/>
  <testcase name="testreadAll" time="0.005" classname="com.objectfrontier.training.java.jdbc.test.AddressServiceTest"/>
  <testcase name="testupdate_negative" time="0.004" classname="com.objectfrontier.training.java.jdbc.test.AddressServiceTest"/>
</testsuite> <!-- com.objectfrontier.training.java.jdbc.test.AddressServiceTest -->
