<?xml version="1.0" encoding="UTF-8"?>
<!-- Generated by org.testng.reporters.JUnitReportReporter -->
<testsuite hostname="RPC163" name="com.objectfrontier.training.java.test.DemoTest" tests="100" failures="0" timestamp="14 Nov 2018 07:19:26 GMT" time="3.550" errors="0">
  <testcase name="testread_negative" time="0.006" classname="com.objectfrontier.training.java.test.DemoTest"/>
  <testcase name="testupdate_positive" time="0.018" classname="com.objectfrontier.training.java.test.DemoTest"/>
  <testcase name="testupdate_positive" time="0.021" classname="com.objectfrontier.training.java.test.DemoTest"/>
  <testcase name="testread_negative" time="0.005" classname="com.objectfrontier.training.java.test.DemoTest"/>
  <testcase name="testread_negative" time="0.008" classname="com.objectfrontier.training.java.test.DemoTest"/>
  <testcase name="testreadAll" time="0.007" classname="com.objectfrontier.training.java.test.DemoTest"/>
  <testcase name="testdelete_negative" time="0.005" classname="com.objectfrontier.training.java.test.DemoTest"/>
  <testcase name="testread_positive" time="0.008" classname="com.objectfrontier.training.java.test.DemoTest"/>
  <testcase name="testcreate_positive" time="0.133" classname="com.objectfrontier.training.java.test.DemoTest"/>
  <testcase name="testread_negative" time="0.007" classname="com.objectfrontier.training.java.test.DemoTest"/>
  <testcase name="testupdate_positive" time="0.021" classname="com.objectfrontier.training.java.test.DemoTest"/>
  <testcase name="testread_negative" time="0.006" classname="com.objectfrontier.training.java.test.DemoTest"/>
  <testcase name="testdelete_negative" time="0.005" classname="com.objectfrontier.training.java.test.DemoTest"/>
  <testcase name="testdelete_negative" time="0.004" classname="com.objectfrontier.training.java.test.DemoTest"/>
  <testcase name="testdelete_negative" time="0.004" classname="com.objectfrontier.training.java.test.DemoTest"/>
  <testcase name="testread_negative" time="0.005" classname="com.objectfrontier.training.java.test.DemoTest"/>
  <testcase name="testread_positive" time="0.009" classname="com.objectfrontier.training.java.test.DemoTest"/>
  <testcase name="testdelete_negative" time="0.005" classname="com.objectfrontier.training.java.test.DemoTest"/>
  <testcase name="testread_positive" time="0.008" classname="com.objectfrontier.training.java.test.DemoTest"/>
  <testcase name="testcreate_negative" time="0.011" classname="com.objectfrontier.training.java.test.DemoTest"/>
  <testcase name="testdelete_positive" time="0.020" classname="com.objectfrontier.training.java.test.DemoTest"/>
  <testcase name="testread_negative" time="0.007" classname="com.objectfrontier.training.java.test.DemoTest"/>
  <testcase name="testcreate_positive" time="0.199" classname="com.objectfrontier.training.java.test.DemoTest"/>
  <testcase name="testread_positive" time="0.007" classname="com.objectfrontier.training.java.test.DemoTest"/>
  <testcase name="testupdate_positive" time="0.020" classname="com.objectfrontier.training.java.test.DemoTest"/>
  <testcase name="testread_positive" time="0.007" classname="com.objectfrontier.training.java.test.DemoTest"/>
  <testcase name="testupdate_positive" time="0.020" classname="com.objectfrontier.training.java.test.DemoTest"/>
  <testcase name="testread_negative" time="0.006" classname="com.objectfrontier.training.java.test.DemoTest"/>
  <testcase name="testread_positive" time="0.007" classname="com.objectfrontier.training.java.test.DemoTest"/>
  <testcase name="testupdate_positive" time="0.021" classname="com.objectfrontier.training.java.test.DemoTest"/>
  <testcase name="testread_negative" time="0.004" classname="com.objectfrontier.training.java.test.DemoTest"/>
  <testcase name="testread_positive" time="0.008" classname="com.objectfrontier.training.java.test.DemoTest"/>
  <testcase name="testread_negative" time="0.005" classname="com.objectfrontier.training.java.test.DemoTest"/>
  <testcase name="testcreate_negative" time="0.033" classname="com.objectfrontier.training.java.test.DemoTest"/>
  <testcase name="testcreate_positive" time="0.104" classname="com.objectfrontier.training.java.test.DemoTest"/>
  <testcase name="testcreate_positive" time="0.307" classname="com.objectfrontier.training.java.test.DemoTest"/>
  <testcase name="testdelete_positive" time="0.019" classname="com.objectfrontier.training.java.test.DemoTest"/>
  <testcase name="testdelete_negative" time="0.006" classname="com.objectfrontier.training.java.test.DemoTest"/>
  <testcase name="testdelete_positive" time="0.019" classname="com.objectfrontier.training.java.test.DemoTest"/>
  <testcase name="testupdate_negative" time="0.005" classname="com.objectfrontier.training.java.test.DemoTest"/>
  <testcase name="testread_negative" time="0.004" classname="com.objectfrontier.training.java.test.DemoTest"/>
  <testcase name="testdelete_positive" time="0.021" classname="com.objectfrontier.training.java.test.DemoTest"/>
  <testcase name="testcreate_positive" time="0.135" classname="com.objectfrontier.training.java.test.DemoTest"/>
  <testcase name="testcreate_positive" time="0.106" classname="com.objectfrontier.training.java.test.DemoTest"/>
  <testcase name="testcreate_positive" time="0.162" classname="com.objectfrontier.training.java.test.DemoTest"/>
  <testcase name="testdelete_positive" time="0.021" classname="com.objectfrontier.training.java.test.DemoTest"/>
  <testcase name="testdelete_positive" time="0.038" classname="com.objectfrontier.training.java.test.DemoTest"/>
  <testcase name="testread_negative" time="0.005" classname="com.objectfrontier.training.java.test.DemoTest"/>
  <testcase name="testdelete_positive" time="0.020" classname="com.objectfrontier.training.java.test.DemoTest"/>
  <testcase name="testdelete_negative" time="0.006" classname="com.objectfrontier.training.java.test.DemoTest"/>
  <testcase name="testcreate_positive" time="0.172" classname="com.objectfrontier.training.java.test.DemoTest"/>
  <testcase name="testread_positive" time="0.007" classname="com.objectfrontier.training.java.test.DemoTest"/>
  <testcase name="testupdate_positive" time="0.019" classname="com.objectfrontier.training.java.test.DemoTest"/>
  <testcase name="testdelete_negative" time="0.006" classname="com.objectfrontier.training.java.test.DemoTest"/>
  <testcase name="testcreate_positive" time="0.145" classname="com.objectfrontier.training.java.test.DemoTest"/>
  <testcase name="testdelete_negative" time="0.006" classname="com.objectfrontier.training.java.test.DemoTest"/>
  <testcase name="testcreate_positive" time="0.200" classname="com.objectfrontier.training.java.test.DemoTest"/>
  <testcase name="testcreate_positive" time="0.124" classname="com.objectfrontier.training.java.test.DemoTest"/>
  <testcase name="testcreate_positive" time="0.121" classname="com.objectfrontier.training.java.test.DemoTest"/>
  <testcase name="testdelete_negative" time="0.005" classname="com.objectfrontier.training.java.test.DemoTest"/>
  <testcase name="testupdate_positive" time="0.020" classname="com.objectfrontier.training.java.test.DemoTest"/>
  <testcase name="testdelete_positive" time="0.019" classname="com.objectfrontier.training.java.test.DemoTest"/>
  <testcase name="testdelete_negative" time="0.004" classname="com.objectfrontier.training.java.test.DemoTest"/>
  <testcase name="testread_positive" time="0.009" classname="com.objectfrontier.training.java.test.DemoTest"/>
  <testcase name="testdelete_positive" time="0.021" classname="com.objectfrontier.training.java.test.DemoTest"/>
  <testcase name="testcreate_positive" time="0.108" classname="com.objectfrontier.training.java.test.DemoTest"/>
  <testcase name="testdelete_positive" time="0.017" classname="com.objectfrontier.training.java.test.DemoTest"/>
  <testcase name="testdelete_positive" time="0.019" classname="com.objectfrontier.training.java.test.DemoTest"/>
  <testcase name="testdelete_negative" time="0.006" classname="com.objectfrontier.training.java.test.DemoTest"/>
  <testcase name="testdelete_positive" time="0.021" classname="com.objectfrontier.training.java.test.DemoTest"/>
  <testcase name="testread_positive" time="0.007" classname="com.objectfrontier.training.java.test.DemoTest"/>
  <testcase name="testdelete_positive" time="0.024" classname="com.objectfrontier.training.java.test.DemoTest"/>
  <testcase name="testcreate_positive" time="0.107" classname="com.objectfrontier.training.java.test.DemoTest"/>
  <testcase name="testupdate_positive" time="0.021" classname="com.objectfrontier.training.java.test.DemoTest"/>
  <testcase name="testdelete_positive" time="0.022" classname="com.objectfrontier.training.java.test.DemoTest"/>
  <testcase name="testread_negative" time="0.007" classname="com.objectfrontier.training.java.test.DemoTest"/>
  <testcase name="testupdate_positive" time="0.020" classname="com.objectfrontier.training.java.test.DemoTest"/>
  <testcase name="testcreate_positive" time="0.219" classname="com.objectfrontier.training.java.test.DemoTest"/>
  <testcase name="testdelete_negative" time="0.005" classname="com.objectfrontier.training.java.test.DemoTest"/>
  <testcase name="testupdate_positive" time="0.020" classname="com.objectfrontier.training.java.test.DemoTest"/>
  <testcase name="testupdate_positive" time="0.019" classname="com.objectfrontier.training.java.test.DemoTest"/>
  <testcase name="testread_negative" time="0.004" classname="com.objectfrontier.training.java.test.DemoTest"/>
  <testcase name="testupdate_positive" time="0.020" classname="com.objectfrontier.training.java.test.DemoTest"/>
  <testcase name="testread_positive" time="0.007" classname="com.objectfrontier.training.java.test.DemoTest"/>
  <testcase name="testdelete_positive" time="0.023" classname="com.objectfrontier.training.java.test.DemoTest"/>
  <testcase name="testdelete_positive" time="0.019" classname="com.objectfrontier.training.java.test.DemoTest"/>
  <testcase name="testdelete_negative" time="0.005" classname="com.objectfrontier.training.java.test.DemoTest"/>
  <testcase name="testread_positive" time="0.007" classname="com.objectfrontier.training.java.test.DemoTest"/>
  <testcase name="testupdate_positive" time="0.020" classname="com.objectfrontier.training.java.test.DemoTest"/>
  <testcase name="testdelete_negative" time="0.004" classname="com.objectfrontier.training.java.test.DemoTest"/>
  <testcase name="testread_positive" time="0.008" classname="com.objectfrontier.training.java.test.DemoTest"/>
  <testcase name="testread_positive" time="0.013" classname="com.objectfrontier.training.java.test.DemoTest"/>
  <testcase name="testread_negative" time="0.008" classname="com.objectfrontier.training.java.test.DemoTest"/>
  <testcase name="testupdate_positive" time="0.028" classname="com.objectfrontier.training.java.test.DemoTest"/>
  <testcase name="testread_negative" time="0.005" classname="com.objectfrontier.training.java.test.DemoTest"/>
  <testcase name="testcreate_positive" time="0.146" classname="com.objectfrontier.training.java.test.DemoTest"/>
  <testcase name="testread_positive" time="0.009" classname="com.objectfrontier.training.java.test.DemoTest"/>
  <testcase name="testupdate_positive" time="0.053" classname="com.objectfrontier.training.java.test.DemoTest"/>
  <testcase name="testread_positive" time="0.008" classname="com.objectfrontier.training.java.test.DemoTest"/>
  <testcase name="testdelete_negative" time="0.005" classname="com.objectfrontier.training.java.test.DemoTest"/>
</testsuite> <!-- com.objectfrontier.training.java.test.DemoTest -->
