<?xml version="1.0" encoding="UTF-8"?>
<!-- Generated by org.testng.reporters.JUnitReportReporter -->
<testsuite hostname="RPC163" name="com.objectfrontier.training.webservices.test.TestAddressServlet" tests="11" failures="0" timestamp="29 Nov 2018 13:36:14 GMT" time="0.329" errors="0">
  <testcase name="testCreate" time="0.039" classname="com.objectfrontier.training.webservices.test.TestAddressServlet"/>
  <testcase name="testCreate" time="0.029" classname="com.objectfrontier.training.webservices.test.TestAddressServlet"/>
  <testcase name="testdelete" time="0.030" classname="com.objectfrontier.training.webservices.test.TestAddressServlet"/>
  <testcase name="testupdate" time="0.030" classname="com.objectfrontier.training.webservices.test.TestAddressServlet"/>
  <testcase name="testupdate" time="0.029" classname="com.objectfrontier.training.webservices.test.TestAddressServlet"/>
  <testcase name="testCreate" time="0.056" classname="com.objectfrontier.training.webservices.test.TestAddressServlet"/>
  <testcase name="testdelete" time="0.043" classname="com.objectfrontier.training.webservices.test.TestAddressServlet"/>
  <testcase name="testupdate" time="0.011" classname="com.objectfrontier.training.webservices.test.TestAddressServlet"/>
  <testcase name="testreadAll" time="0.028" classname="com.objectfrontier.training.webservices.test.TestAddressServlet"/>
  <testcase name="testread" time="0.018" classname="com.objectfrontier.training.webservices.test.TestAddressServlet"/>
  <testcase name="testread" time="0.016" classname="com.objectfrontier.training.webservices.test.TestAddressServlet"/>
</testsuite> <!-- com.objectfrontier.training.webservices.test.TestAddressServlet -->
