<?xml version="1.0" encoding="UTF-8"?>
<!-- Generated by org.testng.reporters.JUnitReportReporter -->
<testsuite hostname="RPC163" name="com.objectfrontier.training.webservices.test.AddressServiceTest" tests="54" failures="0" timestamp="24 Nov 2018 05:22:23 GMT" time="3.081" errors="0">
  <testcase name="testdelete" time="0.016" classname="com.objectfrontier.training.webservices.test.AddressServiceTest"/>
  <testcase name="testdelete" time="0.029" classname="com.objectfrontier.training.webservices.test.AddressServiceTest"/>
  <testcase name="testcreate_positive" time="0.029" classname="com.objectfrontier.training.webservices.test.AddressServiceTest"/>
  <testcase name="testupdate" time="0.018" classname="com.objectfrontier.training.webservices.test.AddressServiceTest"/>
  <testcase name="testupdate" time="0.017" classname="com.objectfrontier.training.webservices.test.AddressServiceTest"/>
  <testcase name="testcreate_negative" time="0.015" classname="com.objectfrontier.training.webservices.test.AddressServiceTest"/>
  <testcase name="testdelete" time="0.028" classname="com.objectfrontier.training.webservices.test.AddressServiceTest"/>
  <testcase name="testcreate_positive" time="0.036" classname="com.objectfrontier.training.webservices.test.AddressServiceTest"/>
  <testcase name="testupdate" time="0.028" classname="com.objectfrontier.training.webservices.test.AddressServiceTest"/>
  <testcase name="testcreate_positive" time="0.030" classname="com.objectfrontier.training.webservices.test.AddressServiceTest"/>
  <testcase name="testupdate" time="0.030" classname="com.objectfrontier.training.webservices.test.AddressServiceTest"/>
  <testcase name="testcreate_positive" time="0.029" classname="com.objectfrontier.training.webservices.test.AddressServiceTest"/>
  <testcase name="testupdate" time="0.042" classname="com.objectfrontier.training.webservices.test.AddressServiceTest"/>
  <testcase name="testdelete" time="0.016" classname="com.objectfrontier.training.webservices.test.AddressServiceTest"/>
  <testcase name="testcreate_positive" time="0.029" classname="com.objectfrontier.training.webservices.test.AddressServiceTest"/>
  <testcase name="testupdate" time="0.018" classname="com.objectfrontier.training.webservices.test.AddressServiceTest"/>
  <testcase name="testdelete" time="0.048" classname="com.objectfrontier.training.webservices.test.AddressServiceTest"/>
  <testcase name="testcreate_positive" time="0.029" classname="com.objectfrontier.training.webservices.test.AddressServiceTest"/>
  <testcase name="testupdate" time="0.018" classname="com.objectfrontier.training.webservices.test.AddressServiceTest"/>
  <testcase name="testcreate_positive" time="0.036" classname="com.objectfrontier.training.webservices.test.AddressServiceTest"/>
  <testcase name="testdelete" time="0.036" classname="com.objectfrontier.training.webservices.test.AddressServiceTest"/>
  <testcase name="testupdate" time="0.017" classname="com.objectfrontier.training.webservices.test.AddressServiceTest"/>
  <testcase name="testdelete" time="0.029" classname="com.objectfrontier.training.webservices.test.AddressServiceTest"/>
  <testcase name="testcreate_positive" time="0.028" classname="com.objectfrontier.training.webservices.test.AddressServiceTest"/>
  <testcase name="testcreate_negative" time="0.040" classname="com.objectfrontier.training.webservices.test.AddressServiceTest"/>
  <testcase name="testcreate_positive" time="1.607" classname="com.objectfrontier.training.webservices.test.AddressServiceTest"/>
  <testcase name="testread" time="0.014" classname="com.objectfrontier.training.webservices.test.AddressServiceTest"/>
  <testcase name="testcreate_negative" time="0.030" classname="com.objectfrontier.training.webservices.test.AddressServiceTest"/>
  <testcase name="testupdate" time="0.029" classname="com.objectfrontier.training.webservices.test.AddressServiceTest"/>
  <testcase name="testcreate_positive" time="0.043" classname="com.objectfrontier.training.webservices.test.AddressServiceTest"/>
  <testcase name="testdelete" time="0.036" classname="com.objectfrontier.training.webservices.test.AddressServiceTest"/>
  <testcase name="testcreate_positive" time="0.040" classname="com.objectfrontier.training.webservices.test.AddressServiceTest"/>
  <testcase name="testupdate" time="0.016" classname="com.objectfrontier.training.webservices.test.AddressServiceTest"/>
  <testcase name="testcreate_positive" time="0.050" classname="com.objectfrontier.training.webservices.test.AddressServiceTest"/>
  <testcase name="testupdate" time="0.032" classname="com.objectfrontier.training.webservices.test.AddressServiceTest"/>
  <testcase name="testdelete" time="0.018" classname="com.objectfrontier.training.webservices.test.AddressServiceTest"/>
  <testcase name="testdelete" time="0.031" classname="com.objectfrontier.training.webservices.test.AddressServiceTest"/>
  <testcase name="testreadAll" time="0.031" classname="com.objectfrontier.training.webservices.test.AddressServiceTest"/>
  <testcase name="testdelete" time="0.029" classname="com.objectfrontier.training.webservices.test.AddressServiceTest"/>
  <testcase name="testdelete" time="0.015" classname="com.objectfrontier.training.webservices.test.AddressServiceTest"/>
  <testcase name="testupdate" time="0.035" classname="com.objectfrontier.training.webservices.test.AddressServiceTest"/>
  <testcase name="testdelete" time="0.018" classname="com.objectfrontier.training.webservices.test.AddressServiceTest"/>
  <testcase name="testdelete" time="0.016" classname="com.objectfrontier.training.webservices.test.AddressServiceTest"/>
  <testcase name="testdelete" time="0.031" classname="com.objectfrontier.training.webservices.test.AddressServiceTest"/>
  <testcase name="testcreate_positive" time="0.028" classname="com.objectfrontier.training.webservices.test.AddressServiceTest"/>
  <testcase name="testcreate_positive" time="0.030" classname="com.objectfrontier.training.webservices.test.AddressServiceTest"/>
  <testcase name="testupdate" time="0.028" classname="com.objectfrontier.training.webservices.test.AddressServiceTest"/>
  <testcase name="testupdate" time="0.016" classname="com.objectfrontier.training.webservices.test.AddressServiceTest"/>
  <testcase name="testdelete" time="0.024" classname="com.objectfrontier.training.webservices.test.AddressServiceTest"/>
  <testcase name="testcreate_positive" time="0.030" classname="com.objectfrontier.training.webservices.test.AddressServiceTest"/>
  <testcase name="testcreate_positive" time="0.046" classname="com.objectfrontier.training.webservices.test.AddressServiceTest"/>
  <testcase name="testupdate" time="0.018" classname="com.objectfrontier.training.webservices.test.AddressServiceTest"/>
  <testcase name="testread" time="0.015" classname="com.objectfrontier.training.webservices.test.AddressServiceTest"/>
  <testcase name="testupdate" time="0.034" classname="com.objectfrontier.training.webservices.test.AddressServiceTest"/>
</testsuite> <!-- com.objectfrontier.training.webservices.test.AddressServiceTest -->
