<?xml version="1.0" encoding="UTF-8"?>
<!-- Generated by org.testng.reporters.JUnitReportReporter -->
<testsuite hostname="RPC163" name="com.objectfrontier.training.webservices.test.PersonServiceTest" tests="56" failures="0" timestamp="24 Nov 2018 05:17:35 GMT" time="13.063" errors="0">
  <testcase name="testupdate" time="0.030" classname="com.objectfrontier.training.webservices.test.PersonServiceTest"/>
  <testcase name="testupdate" time="0.014" classname="com.objectfrontier.training.webservices.test.PersonServiceTest"/>
  <testcase name="testdelete" time="0.032" classname="com.objectfrontier.training.webservices.test.PersonServiceTest"/>
  <testcase name="testcreate_negative" time="0.013" classname="com.objectfrontier.training.webservices.test.PersonServiceTest"/>
  <testcase name="testcreate_positive" time="0.086" classname="com.objectfrontier.training.webservices.test.PersonServiceTest"/>
  <testcase name="testupdate" time="0.030" classname="com.objectfrontier.training.webservices.test.PersonServiceTest"/>
  <testcase name="testdelete" time="0.017" classname="com.objectfrontier.training.webservices.test.PersonServiceTest"/>
  <testcase name="testupdate" time="0.015" classname="com.objectfrontier.training.webservices.test.PersonServiceTest"/>
  <testcase name="testupdate" time="0.018" classname="com.objectfrontier.training.webservices.test.PersonServiceTest"/>
  <testcase name="testcreate_negative" time="0.013" classname="com.objectfrontier.training.webservices.test.PersonServiceTest"/>
  <testcase name="testcreate_positive" time="1.208" classname="com.objectfrontier.training.webservices.test.PersonServiceTest"/>
  <testcase name="testupdate" time="0.031" classname="com.objectfrontier.training.webservices.test.PersonServiceTest"/>
  <testcase name="testcreate_positive" time="0.182" classname="com.objectfrontier.training.webservices.test.PersonServiceTest"/>
  <testcase name="testread" time="0.015" classname="com.objectfrontier.training.webservices.test.PersonServiceTest"/>
  <testcase name="testcreate_positive" time="1.087" classname="com.objectfrontier.training.webservices.test.PersonServiceTest"/>
  <testcase name="testdelete" time="0.014" classname="com.objectfrontier.training.webservices.test.PersonServiceTest"/>
  <testcase name="testcreate_positive" time="1.165" classname="com.objectfrontier.training.webservices.test.PersonServiceTest"/>
  <testcase name="testcreate_positive" time="1.109" classname="com.objectfrontier.training.webservices.test.PersonServiceTest"/>
  <testcase name="testupdate" time="0.030" classname="com.objectfrontier.training.webservices.test.PersonServiceTest"/>
  <testcase name="testdelete" time="0.015" classname="com.objectfrontier.training.webservices.test.PersonServiceTest"/>
  <testcase name="testcreate_positive" time="0.064" classname="com.objectfrontier.training.webservices.test.PersonServiceTest"/>
  <testcase name="testcreate_positive" time="1.086" classname="com.objectfrontier.training.webservices.test.PersonServiceTest"/>
  <testcase name="testdelete" time="0.030" classname="com.objectfrontier.training.webservices.test.PersonServiceTest"/>
  <testcase name="testcreate_positive" time="1.085" classname="com.objectfrontier.training.webservices.test.PersonServiceTest"/>
  <testcase name="testread" time="0.019" classname="com.objectfrontier.training.webservices.test.PersonServiceTest"/>
  <testcase name="testupdate" time="0.015" classname="com.objectfrontier.training.webservices.test.PersonServiceTest"/>
  <testcase name="testupdate" time="0.027" classname="com.objectfrontier.training.webservices.test.PersonServiceTest"/>
  <testcase name="testdelete" time="0.014" classname="com.objectfrontier.training.webservices.test.PersonServiceTest"/>
  <testcase name="testdelete" time="0.031" classname="com.objectfrontier.training.webservices.test.PersonServiceTest"/>
  <testcase name="testdelete" time="0.026" classname="com.objectfrontier.training.webservices.test.PersonServiceTest"/>
  <testcase name="testcreate_negative" time="0.068" classname="com.objectfrontier.training.webservices.test.PersonServiceTest"/>
  <testcase name="testcreate_positive" time="1.113" classname="com.objectfrontier.training.webservices.test.PersonServiceTest"/>
  <testcase name="testcreate_negative" time="0.022" classname="com.objectfrontier.training.webservices.test.PersonServiceTest"/>
  <testcase name="testdelete" time="0.028" classname="com.objectfrontier.training.webservices.test.PersonServiceTest"/>
  <testcase name="testcreate_positive" time="0.150" classname="com.objectfrontier.training.webservices.test.PersonServiceTest"/>
  <testcase name="testcreate_positive" time="0.105" classname="com.objectfrontier.training.webservices.test.PersonServiceTest"/>
  <testcase name="testupdate" time="0.031" classname="com.objectfrontier.training.webservices.test.PersonServiceTest"/>
  <testcase name="testdelete" time="0.014" classname="com.objectfrontier.training.webservices.test.PersonServiceTest"/>
  <testcase name="testreadAll" time="0.030" classname="com.objectfrontier.training.webservices.test.PersonServiceTest"/>
  <testcase name="testdelete" time="0.016" classname="com.objectfrontier.training.webservices.test.PersonServiceTest"/>
  <testcase name="testcreate_positive" time="1.222" classname="com.objectfrontier.training.webservices.test.PersonServiceTest"/>
  <testcase name="testcreate_negative" time="0.013" classname="com.objectfrontier.training.webservices.test.PersonServiceTest"/>
  <testcase name="testdelete" time="0.033" classname="com.objectfrontier.training.webservices.test.PersonServiceTest"/>
  <testcase name="testupdate" time="0.014" classname="com.objectfrontier.training.webservices.test.PersonServiceTest"/>
  <testcase name="testdelete" time="0.013" classname="com.objectfrontier.training.webservices.test.PersonServiceTest"/>
  <testcase name="testupdate" time="0.027" classname="com.objectfrontier.training.webservices.test.PersonServiceTest"/>
  <testcase name="testdelete" time="0.037" classname="com.objectfrontier.training.webservices.test.PersonServiceTest"/>
  <testcase name="testcreate_positive" time="1.235" classname="com.objectfrontier.training.webservices.test.PersonServiceTest"/>
  <testcase name="testupdate" time="0.031" classname="com.objectfrontier.training.webservices.test.PersonServiceTest"/>
  <testcase name="testupdate" time="0.015" classname="com.objectfrontier.training.webservices.test.PersonServiceTest"/>
  <testcase name="testcreate_positive" time="1.085" classname="com.objectfrontier.training.webservices.test.PersonServiceTest"/>
  <testcase name="testdelete" time="0.032" classname="com.objectfrontier.training.webservices.test.PersonServiceTest"/>
  <testcase name="testupdate" time="0.015" classname="com.objectfrontier.training.webservices.test.PersonServiceTest"/>
  <testcase name="testupdate" time="0.031" classname="com.objectfrontier.training.webservices.test.PersonServiceTest"/>
  <testcase name="testdelete" time="0.029" classname="com.objectfrontier.training.webservices.test.PersonServiceTest"/>
  <testcase name="testcreate_positive" time="0.133" classname="com.objectfrontier.training.webservices.test.PersonServiceTest"/>
</testsuite> <!-- com.objectfrontier.training.webservices.test.PersonServiceTest -->
