<?xml version="1.0" encoding="UTF-8"?>
<!-- Generated by org.testng.reporters.JUnitReportReporter -->
<testsuite hostname="RPC163" name="com.objectfrontier.training.test.ServiceTest" tests="4" failures="0" timestamp="3 Jan 2019 13:00:51 GMT" time="0.188" errors="0">
  <testcase name="createTest" time="0.187" classname="com.objectfrontier.training.test.ServiceTest"/>
  <testcase name="readTest" time="0.000" classname="com.objectfrontier.training.test.ServiceTest"/>
  <testcase name="deleteTest" time="0.001" classname="com.objectfrontier.training.test.ServiceTest"/>
  <testcase name="updateTest" time="0.000" classname="com.objectfrontier.training.test.ServiceTest"/>
</testsuite> <!-- com.objectfrontier.training.test.ServiceTest -->
